[0.107s] Invoking command in '/home/dev/dev_ws/src/build/my_package': CMAKE_PREFIX_PATH=${CMAKE_PREFIX_PATH}:/opt/ros/humble /usr/bin/cmake --build /home/dev/dev_ws/src/build/my_package -- -j8 -l8
[0.129s] -- Found ament_cmake: 1.3.7 (/opt/ros/humble/share/ament_cmake/cmake)
[0.288s] -- Override CMake install command with custom implementation using symlinks instead of copying resources
[0.296s] -- Found ament_lint_auto: 0.12.10 (/opt/ros/humble/share/ament_lint_auto/cmake)
[0.380s] -- Added test 'flake8' to check Python code syntax and style conventions
[0.380s] -- Added test 'lint_cmake' to check CMake code style
[0.381s] -- Added test 'pep257' to check Python code against some of the docstring style conventions in PEP 257
[0.382s] -- Added test 'xmllint' to check XML markup files
[0.383s] -- Configuring done
[0.387s] -- Generating done
[0.388s] -- Build files have been written to: /home/dev/dev_ws/src/build/my_package
[0.412s] Invoked command in '/home/dev/dev_ws/src/build/my_package' returned '0': CMAKE_PREFIX_PATH=${CMAKE_PREFIX_PATH}:/opt/ros/humble /usr/bin/cmake --build /home/dev/dev_ws/src/build/my_package -- -j8 -l8
[0.441s] Invoking command in '/home/dev/dev_ws/src/build/my_package': CMAKE_PREFIX_PATH=${CMAKE_PREFIX_PATH}:/opt/ros/humble /usr/bin/cmake --install /home/dev/dev_ws/src/build/my_package
[0.448s] -- Install configuration: ""
[0.449s] -- Execute custom install script
[0.449s] -- Up-to-date symlink: /home/dev/dev_ws/src/install/my_package/share/my_package/launch/rsp.launch.py
[0.450s] -- Up-to-date symlink: /home/dev/dev_ws/src/install/my_package/share/ament_index/resource_index/package_run_dependencies/my_package
[0.450s] -- Up-to-date symlink: /home/dev/dev_ws/src/install/my_package/share/ament_index/resource_index/parent_prefix_path/my_package
[0.450s] -- Up-to-date symlink: /home/dev/dev_ws/src/install/my_package/share/my_package/environment/ament_prefix_path.sh
[0.451s] -- Up-to-date symlink: /home/dev/dev_ws/src/install/my_package/share/my_package/environment/ament_prefix_path.dsv
[0.451s] -- Up-to-date symlink: /home/dev/dev_ws/src/install/my_package/share/my_package/environment/path.sh
[0.451s] -- Up-to-date symlink: /home/dev/dev_ws/src/install/my_package/share/my_package/environment/path.dsv
[0.451s] -- Up-to-date symlink: /home/dev/dev_ws/src/install/my_package/share/my_package/local_setup.bash
[0.451s] -- Up-to-date symlink: /home/dev/dev_ws/src/install/my_package/share/my_package/local_setup.sh
[0.451s] -- Up-to-date symlink: /home/dev/dev_ws/src/install/my_package/share/my_package/local_setup.zsh
[0.452s] -- Up-to-date symlink: /home/dev/dev_ws/src/install/my_package/share/my_package/local_setup.dsv
[0.452s] -- Symlinking: /home/dev/dev_ws/src/install/my_package/share/my_package/package.dsv
[0.462s] -- Up-to-date symlink: /home/dev/dev_ws/src/install/my_package/share/ament_index/resource_index/packages/my_package
[0.462s] -- Up-to-date symlink: /home/dev/dev_ws/src/install/my_package/share/my_package/cmake/my_packageConfig.cmake
[0.462s] -- Up-to-date symlink: /home/dev/dev_ws/src/install/my_package/share/my_package/cmake/my_packageConfig-version.cmake
[0.462s] -- Up-to-date symlink: /home/dev/dev_ws/src/install/my_package/share/my_package/package.xml
[0.464s] Invoked command in '/home/dev/dev_ws/src/build/my_package' returned '0': CMAKE_PREFIX_PATH=${CMAKE_PREFIX_PATH}:/opt/ros/humble /usr/bin/cmake --install /home/dev/dev_ws/src/build/my_package
