[1.106s] DEBUG:colcon:Command line arguments: ['/usr/bin/colcon', 'build', '--symlink-install']
[1.106s] DEBUG:colcon:Parsed command line arguments: Namespace(log_base=None, log_level=None, verb_name='build', build_base='build', install_base='install', merge_install=False, symlink_install=True, test_result_base=None, continue_on_error=False, executor='parallel', parallel_workers=8, event_handlers=None, ignore_user_meta=False, metas=['./colcon.meta'], base_paths=['.'], packages_ignore=None, packages_ignore_regex=None, paths=None, packages_up_to=None, packages_up_to_regex=None, packages_above=None, packages_above_and_dependencies=None, packages_above_depth=None, packages_select_by_dep=None, packages_skip_by_dep=None, packages_skip_up_to=None, packages_select_build_failed=False, packages_skip_build_finished=False, packages_select_test_failures=False, packages_skip_test_passed=False, packages_select=None, packages_skip=None, packages_select_regex=None, packages_skip_regex=None, packages_start=None, packages_end=None, allow_overriding=[], cmake_args=None, cmake_target=None, cmake_target_skip_unavailable=False, cmake_clean_cache=False, cmake_clean_first=False, cmake_force_configure=False, ament_cmake_args=None, catkin_cmake_args=None, catkin_skip_building_tests=False, verb_parser=<colcon_defaults.argument_parser.defaults.DefaultArgumentsDecorator object at 0x7f59dd59dc30>, verb_extension=<colcon_core.verb.build.BuildVerb object at 0x7f59dd59fa00>, main=<bound method BuildVerb.main of <colcon_core.verb.build.BuildVerb object at 0x7f59dd59fa00>>)
[1.158s] Level 1:colcon.colcon_core.package_discovery:discover_packages(colcon_meta) check parameters
[1.158s] Level 1:colcon.colcon_core.package_discovery:discover_packages(recursive) check parameters
[1.158s] Level 1:colcon.colcon_core.package_discovery:discover_packages(ignore) check parameters
[1.158s] Level 1:colcon.colcon_core.package_discovery:discover_packages(path) check parameters
[1.158s] Level 1:colcon.colcon_core.package_discovery:discover_packages(colcon_meta) discover
[1.158s] Level 1:colcon.colcon_core.package_discovery:discover_packages(recursive) discover
[1.158s] INFO:colcon.colcon_core.package_discovery:Crawling recursively for packages in '/home/dev/dev_ws/src'
[1.158s] Level 1:colcon.colcon_core.package_identification:_identify(.) by extensions ['ignore', 'ignore_ament_install']
[1.158s] Level 1:colcon.colcon_core.package_identification:_identify(.) by extension 'ignore'
[1.158s] Level 1:colcon.colcon_core.package_identification:_identify(.) by extension 'ignore_ament_install'
[1.159s] Level 1:colcon.colcon_core.package_identification:_identify(.) by extensions ['colcon_pkg']
[1.159s] Level 1:colcon.colcon_core.package_identification:_identify(.) by extension 'colcon_pkg'
[1.159s] Level 1:colcon.colcon_core.package_identification:_identify(.) by extensions ['colcon_meta']
[1.159s] Level 1:colcon.colcon_core.package_identification:_identify(.) by extension 'colcon_meta'
[1.159s] Level 1:colcon.colcon_core.package_identification:_identify(.) by extensions ['ros']
[1.159s] Level 1:colcon.colcon_core.package_identification:_identify(.) by extension 'ros'
[1.170s] Level 1:colcon.colcon_core.package_identification:_identify(.) by extensions ['cmake', 'python']
[1.170s] Level 1:colcon.colcon_core.package_identification:_identify(.) by extension 'cmake'
[1.171s] Level 1:colcon.colcon_core.package_identification:_identify(.) by extension 'python'
[1.171s] Level 1:colcon.colcon_core.package_identification:_identify(.) by extensions ['python_setup_py']
[1.171s] Level 1:colcon.colcon_core.package_identification:_identify(.) by extension 'python_setup_py'
[1.171s] Level 1:colcon.colcon_core.package_identification:_identify(articubot_one) by extensions ['ignore', 'ignore_ament_install']
[1.171s] Level 1:colcon.colcon_core.package_identification:_identify(articubot_one) by extension 'ignore'
[1.171s] Level 1:colcon.colcon_core.package_identification:_identify(articubot_one) by extension 'ignore_ament_install'
[1.171s] Level 1:colcon.colcon_core.package_identification:_identify(articubot_one) by extensions ['colcon_pkg']
[1.171s] Level 1:colcon.colcon_core.package_identification:_identify(articubot_one) by extension 'colcon_pkg'
[1.171s] Level 1:colcon.colcon_core.package_identification:_identify(articubot_one) by extensions ['colcon_meta']
[1.171s] Level 1:colcon.colcon_core.package_identification:_identify(articubot_one) by extension 'colcon_meta'
[1.171s] Level 1:colcon.colcon_core.package_identification:_identify(articubot_one) by extensions ['ros']
[1.171s] Level 1:colcon.colcon_core.package_identification:_identify(articubot_one) by extension 'ros'
[1.174s] DEBUG:colcon.colcon_core.package_identification:Package 'articubot_one' with type 'ros.ament_cmake' and name 'articubot_one'
[1.174s] Level 1:colcon.colcon_core.package_identification:_identify(build) by extensions ['ignore', 'ignore_ament_install']
[1.174s] Level 1:colcon.colcon_core.package_identification:_identify(build) by extension 'ignore'
[1.174s] Level 1:colcon.colcon_core.package_identification:_identify(build) ignored
[1.174s] Level 1:colcon.colcon_core.package_identification:_identify(install) by extensions ['ignore', 'ignore_ament_install']
[1.174s] Level 1:colcon.colcon_core.package_identification:_identify(install) by extension 'ignore'
[1.174s] Level 1:colcon.colcon_core.package_identification:_identify(install) ignored
[1.174s] Level 1:colcon.colcon_core.package_identification:_identify(log) by extensions ['ignore', 'ignore_ament_install']
[1.174s] Level 1:colcon.colcon_core.package_identification:_identify(log) by extension 'ignore'
[1.174s] Level 1:colcon.colcon_core.package_identification:_identify(log) ignored
[1.175s] Level 1:colcon.colcon_core.package_identification:_identify(my_package) by extensions ['ignore', 'ignore_ament_install']
[1.175s] Level 1:colcon.colcon_core.package_identification:_identify(my_package) by extension 'ignore'
[1.175s] Level 1:colcon.colcon_core.package_identification:_identify(my_package) by extension 'ignore_ament_install'
[1.175s] Level 1:colcon.colcon_core.package_identification:_identify(my_package) by extensions ['colcon_pkg']
[1.175s] Level 1:colcon.colcon_core.package_identification:_identify(my_package) by extension 'colcon_pkg'
[1.175s] Level 1:colcon.colcon_core.package_identification:_identify(my_package) by extensions ['colcon_meta']
[1.175s] Level 1:colcon.colcon_core.package_identification:_identify(my_package) by extension 'colcon_meta'
[1.175s] Level 1:colcon.colcon_core.package_identification:_identify(my_package) by extensions ['ros']
[1.175s] Level 1:colcon.colcon_core.package_identification:_identify(my_package) by extension 'ros'
[1.175s] DEBUG:colcon.colcon_core.package_identification:Package 'my_package' with type 'ros.ament_cmake' and name 'my_package'
[1.176s] Level 1:colcon.colcon_core.package_discovery:discover_packages(recursive) using defaults
[1.176s] Level 1:colcon.colcon_core.package_discovery:discover_packages(ignore) discover
[1.176s] Level 1:colcon.colcon_core.package_discovery:discover_packages(ignore) using defaults
[1.176s] Level 1:colcon.colcon_core.package_discovery:discover_packages(path) discover
[1.176s] Level 1:colcon.colcon_core.package_discovery:discover_packages(path) using defaults
[1.277s] Level 1:colcon.colcon_core.package_discovery:discover_packages(prefix_path) check parameters
[1.277s] Level 1:colcon.colcon_core.package_discovery:discover_packages(prefix_path) discover
[1.314s] DEBUG:colcon.colcon_installed_package_information.package_discovery:Found 2 installed packages in /home/dev/dev_ws/install
[1.331s] DEBUG:colcon.colcon_installed_package_information.package_discovery:Found 0 installed packages in /home/dev/install
[1.348s] DEBUG:colcon.colcon_installed_package_information.package_discovery:Found 295 installed packages in /opt/ros/humble
[1.349s] Level 1:colcon.colcon_core.package_discovery:discover_packages(prefix_path) using defaults
[1.468s] Level 5:colcon.colcon_core.verb:set package 'articubot_one' build argument 'cmake_args' from command line to 'None'
[1.468s] Level 5:colcon.colcon_core.verb:set package 'articubot_one' build argument 'cmake_target' from command line to 'None'
[1.468s] Level 5:colcon.colcon_core.verb:set package 'articubot_one' build argument 'cmake_target_skip_unavailable' from command line to 'False'
[1.468s] Level 5:colcon.colcon_core.verb:set package 'articubot_one' build argument 'cmake_clean_cache' from command line to 'False'
[1.468s] Level 5:colcon.colcon_core.verb:set package 'articubot_one' build argument 'cmake_clean_first' from command line to 'False'
[1.468s] Level 5:colcon.colcon_core.verb:set package 'articubot_one' build argument 'cmake_force_configure' from command line to 'False'
[1.469s] Level 5:colcon.colcon_core.verb:set package 'articubot_one' build argument 'ament_cmake_args' from command line to 'None'
[1.469s] Level 5:colcon.colcon_core.verb:set package 'articubot_one' build argument 'catkin_cmake_args' from command line to 'None'
[1.469s] Level 5:colcon.colcon_core.verb:set package 'articubot_one' build argument 'catkin_skip_building_tests' from command line to 'False'
[1.469s] DEBUG:colcon.colcon_core.verb:Building package 'articubot_one' with the following arguments: {'ament_cmake_args': None, 'build_base': '/home/dev/dev_ws/src/build/articubot_one', 'catkin_cmake_args': None, 'catkin_skip_building_tests': False, 'cmake_args': None, 'cmake_clean_cache': False, 'cmake_clean_first': False, 'cmake_force_configure': False, 'cmake_target': None, 'cmake_target_skip_unavailable': False, 'install_base': '/home/dev/dev_ws/src/install/articubot_one', 'merge_install': False, 'path': '/home/dev/dev_ws/src/articubot_one', 'symlink_install': True, 'test_result_base': None}
[1.486s] Level 5:colcon.colcon_core.verb:set package 'my_package' build argument 'cmake_args' from command line to 'None'
[1.486s] Level 5:colcon.colcon_core.verb:set package 'my_package' build argument 'cmake_target' from command line to 'None'
[1.486s] Level 5:colcon.colcon_core.verb:set package 'my_package' build argument 'cmake_target_skip_unavailable' from command line to 'False'
[1.486s] Level 5:colcon.colcon_core.verb:set package 'my_package' build argument 'cmake_clean_cache' from command line to 'False'
[1.486s] Level 5:colcon.colcon_core.verb:set package 'my_package' build argument 'cmake_clean_first' from command line to 'False'
[1.486s] Level 5:colcon.colcon_core.verb:set package 'my_package' build argument 'cmake_force_configure' from command line to 'False'
[1.486s] Level 5:colcon.colcon_core.verb:set package 'my_package' build argument 'ament_cmake_args' from command line to 'None'
[1.486s] Level 5:colcon.colcon_core.verb:set package 'my_package' build argument 'catkin_cmake_args' from command line to 'None'
[1.486s] Level 5:colcon.colcon_core.verb:set package 'my_package' build argument 'catkin_skip_building_tests' from command line to 'False'
[1.486s] DEBUG:colcon.colcon_core.verb:Building package 'my_package' with the following arguments: {'ament_cmake_args': None, 'build_base': '/home/dev/dev_ws/src/build/my_package', 'catkin_cmake_args': None, 'catkin_skip_building_tests': False, 'cmake_args': None, 'cmake_clean_cache': False, 'cmake_clean_first': False, 'cmake_force_configure': False, 'cmake_target': None, 'cmake_target_skip_unavailable': False, 'install_base': '/home/dev/dev_ws/src/install/my_package', 'merge_install': False, 'path': '/home/dev/dev_ws/src/my_package', 'symlink_install': True, 'test_result_base': None}
[1.502s] INFO:colcon.colcon_core.executor:Executing jobs using 'parallel' executor
[1.520s] DEBUG:colcon.colcon_parallel_executor.executor.parallel:run_until_complete
[1.520s] INFO:colcon.colcon_ros.task.ament_cmake.build:Building ROS package in '/home/dev/dev_ws/src/articubot_one' with build type 'ament_cmake'
[1.520s] INFO:colcon.colcon_cmake.task.cmake.build:Building CMake package in '/home/dev/dev_ws/src/articubot_one'
[1.539s] INFO:colcon.colcon_core.plugin_system:Skipping extension 'colcon_core.shell.bat': Not used on non-Windows systems
[1.539s] INFO:colcon.colcon_core.shell:Skip shell extension 'powershell' for command environment: Not usable outside of PowerShell
[1.539s] DEBUG:colcon.colcon_core.shell:Skip shell extension 'dsv' for command environment
[1.610s] INFO:colcon.colcon_ros.task.ament_cmake.build:Building ROS package in '/home/dev/dev_ws/src/my_package' with build type 'ament_cmake'
[1.611s] INFO:colcon.colcon_cmake.task.cmake.build:Building CMake package in '/home/dev/dev_ws/src/my_package'
[1.629s] INFO:colcon.colcon_core.shell:Skip shell extension 'powershell' for command environment: Not usable outside of PowerShell
[1.629s] DEBUG:colcon.colcon_core.shell:Skip shell extension 'dsv' for command environment
[1.708s] DEBUG:colcon.colcon_core.event_handler.log_command:Invoking command in '/home/dev/dev_ws/src/build/articubot_one': CMAKE_PREFIX_PATH=${CMAKE_PREFIX_PATH}:/opt/ros/humble /usr/bin/cmake --build /home/dev/dev_ws/src/build/articubot_one -- -j8 -l8
[1.713s] DEBUG:colcon.colcon_core.event_handler.log_command:Invoking command in '/home/dev/dev_ws/src/build/my_package': CMAKE_PREFIX_PATH=${CMAKE_PREFIX_PATH}:/opt/ros/humble /usr/bin/cmake --build /home/dev/dev_ws/src/build/my_package -- -j8 -l8
[1.748s] DEBUG:colcon.colcon_core.event_handler.log_command:Invoked command in '/home/dev/dev_ws/src/build/articubot_one' returned '0': CMAKE_PREFIX_PATH=${CMAKE_PREFIX_PATH}:/opt/ros/humble /usr/bin/cmake --build /home/dev/dev_ws/src/build/articubot_one -- -j8 -l8
[1.780s] DEBUG:colcon.colcon_core.event_handler.log_command:Invoking command in '/home/dev/dev_ws/src/build/articubot_one': CMAKE_PREFIX_PATH=${CMAKE_PREFIX_PATH}:/opt/ros/humble /usr/bin/cmake --install /home/dev/dev_ws/src/build/articubot_one
[1.806s] Level 1:colcon.colcon_core.environment:create_environment_scripts_only(articubot_one)
[1.807s] DEBUG:colcon.colcon_core.event_handler.log_command:Invoked command in '/home/dev/dev_ws/src/build/articubot_one' returned '0': CMAKE_PREFIX_PATH=${CMAKE_PREFIX_PATH}:/opt/ros/humble /usr/bin/cmake --install /home/dev/dev_ws/src/build/articubot_one
[1.826s] Level 1:colcon.colcon_core.environment:checking '/home/dev/dev_ws/src/install/articubot_one' for CMake module files
[1.827s] Level 1:colcon.colcon_core.environment:checking '/home/dev/dev_ws/src/install/articubot_one' for CMake config files
[1.827s] Level 1:colcon.colcon_core.shell:create_environment_hook('articubot_one', 'cmake_prefix_path')
[1.844s] INFO:colcon.colcon_core.shell:Creating environment hook '/home/dev/dev_ws/src/install/articubot_one/share/articubot_one/hook/cmake_prefix_path.ps1'
[1.845s] INFO:colcon.colcon_core.shell:Creating environment descriptor '/home/dev/dev_ws/src/install/articubot_one/share/articubot_one/hook/cmake_prefix_path.dsv'
[1.845s] INFO:colcon.colcon_core.shell:Creating environment hook '/home/dev/dev_ws/src/install/articubot_one/share/articubot_one/hook/cmake_prefix_path.sh'
[1.846s] Level 1:colcon.colcon_core.environment:checking '/home/dev/dev_ws/src/install/articubot_one/bin'
[1.847s] Level 1:colcon.colcon_core.environment:checking '/home/dev/dev_ws/src/install/articubot_one/lib/pkgconfig/articubot_one.pc'
[1.847s] Level 1:colcon.colcon_core.environment:checking '/home/dev/dev_ws/src/install/articubot_one/lib/python3.10/site-packages'
[1.847s] Level 1:colcon.colcon_core.environment:checking '/home/dev/dev_ws/src/install/articubot_one/bin'
[1.866s] INFO:colcon.colcon_core.shell:Creating package script '/home/dev/dev_ws/src/install/articubot_one/share/articubot_one/package.ps1'
[1.867s] INFO:colcon.colcon_core.shell:Creating package descriptor '/home/dev/dev_ws/src/install/articubot_one/share/articubot_one/package.dsv'
[1.867s] INFO:colcon.colcon_core.shell:Creating package script '/home/dev/dev_ws/src/install/articubot_one/share/articubot_one/package.sh'
[1.868s] INFO:colcon.colcon_core.shell:Creating package script '/home/dev/dev_ws/src/install/articubot_one/share/articubot_one/package.bash'
[1.869s] INFO:colcon.colcon_core.shell:Creating package script '/home/dev/dev_ws/src/install/articubot_one/share/articubot_one/package.zsh'
[1.869s] Level 1:colcon.colcon_core.environment:create_file_with_runtime_dependencies(/home/dev/dev_ws/src/install/articubot_one/share/colcon-core/packages/articubot_one)
[1.911s] Level 1:colcon.colcon_core.environment:create_environment_scripts_only(articubot_one)
[1.929s] Level 1:colcon.colcon_core.environment:checking '/home/dev/dev_ws/src/install/articubot_one' for CMake module files
[1.930s] Level 1:colcon.colcon_core.environment:checking '/home/dev/dev_ws/src/install/articubot_one' for CMake config files
[1.930s] Level 1:colcon.colcon_core.shell:create_environment_hook('articubot_one', 'cmake_prefix_path')
[1.949s] INFO:colcon.colcon_core.shell:Creating environment hook '/home/dev/dev_ws/src/install/articubot_one/share/articubot_one/hook/cmake_prefix_path.ps1'
[1.949s] INFO:colcon.colcon_core.shell:Creating environment descriptor '/home/dev/dev_ws/src/install/articubot_one/share/articubot_one/hook/cmake_prefix_path.dsv'
[1.950s] INFO:colcon.colcon_core.shell:Creating environment hook '/home/dev/dev_ws/src/install/articubot_one/share/articubot_one/hook/cmake_prefix_path.sh'
[1.951s] Level 1:colcon.colcon_core.environment:checking '/home/dev/dev_ws/src/install/articubot_one/bin'
[1.951s] Level 1:colcon.colcon_core.environment:checking '/home/dev/dev_ws/src/install/articubot_one/lib/pkgconfig/articubot_one.pc'
[1.951s] Level 1:colcon.colcon_core.environment:checking '/home/dev/dev_ws/src/install/articubot_one/lib/python3.10/site-packages'
[1.952s] Level 1:colcon.colcon_core.environment:checking '/home/dev/dev_ws/src/install/articubot_one/bin'
[1.979s] INFO:colcon.colcon_core.shell:Creating package script '/home/dev/dev_ws/src/install/articubot_one/share/articubot_one/package.ps1'
[1.981s] INFO:colcon.colcon_core.shell:Creating package descriptor '/home/dev/dev_ws/src/install/articubot_one/share/articubot_one/package.dsv'
[1.982s] INFO:colcon.colcon_core.shell:Creating package script '/home/dev/dev_ws/src/install/articubot_one/share/articubot_one/package.sh'
[1.982s] INFO:colcon.colcon_core.shell:Creating package script '/home/dev/dev_ws/src/install/articubot_one/share/articubot_one/package.bash'
[1.983s] INFO:colcon.colcon_core.shell:Creating package script '/home/dev/dev_ws/src/install/articubot_one/share/articubot_one/package.zsh'
[1.984s] Level 1:colcon.colcon_core.environment:create_file_with_runtime_dependencies(/home/dev/dev_ws/src/install/articubot_one/share/colcon-core/packages/articubot_one)
[2.010s] DEBUG:colcon.colcon_core.event_handler.log_command:Invoked command in '/home/dev/dev_ws/src/build/my_package' returned '0': CMAKE_PREFIX_PATH=${CMAKE_PREFIX_PATH}:/opt/ros/humble /usr/bin/cmake --build /home/dev/dev_ws/src/build/my_package -- -j8 -l8
[2.040s] DEBUG:colcon.colcon_core.event_handler.log_command:Invoking command in '/home/dev/dev_ws/src/build/my_package': CMAKE_PREFIX_PATH=${CMAKE_PREFIX_PATH}:/opt/ros/humble /usr/bin/cmake --install /home/dev/dev_ws/src/build/my_package
[2.186s] Level 1:colcon.colcon_core.environment:create_environment_scripts_only(my_package)
[2.187s] DEBUG:colcon.colcon_core.event_handler.log_command:Invoked command in '/home/dev/dev_ws/src/build/my_package' returned '0': CMAKE_PREFIX_PATH=${CMAKE_PREFIX_PATH}:/opt/ros/humble /usr/bin/cmake --install /home/dev/dev_ws/src/build/my_package
[2.205s] Level 1:colcon.colcon_core.environment:checking '/home/dev/dev_ws/src/install/my_package' for CMake module files
[2.205s] Level 1:colcon.colcon_core.environment:checking '/home/dev/dev_ws/src/install/my_package' for CMake config files
[2.206s] Level 1:colcon.colcon_core.shell:create_environment_hook('my_package', 'cmake_prefix_path')
[2.223s] INFO:colcon.colcon_core.shell:Creating environment hook '/home/dev/dev_ws/src/install/my_package/share/my_package/hook/cmake_prefix_path.ps1'
[2.223s] INFO:colcon.colcon_core.shell:Creating environment descriptor '/home/dev/dev_ws/src/install/my_package/share/my_package/hook/cmake_prefix_path.dsv'
[2.223s] INFO:colcon.colcon_core.shell:Creating environment hook '/home/dev/dev_ws/src/install/my_package/share/my_package/hook/cmake_prefix_path.sh'
[2.224s] Level 1:colcon.colcon_core.environment:checking '/home/dev/dev_ws/src/install/my_package/bin'
[2.224s] Level 1:colcon.colcon_core.environment:checking '/home/dev/dev_ws/src/install/my_package/lib/pkgconfig/my_package.pc'
[2.224s] Level 1:colcon.colcon_core.environment:checking '/home/dev/dev_ws/src/install/my_package/lib/python3.10/site-packages'
[2.225s] Level 1:colcon.colcon_core.environment:checking '/home/dev/dev_ws/src/install/my_package/bin'
[2.241s] INFO:colcon.colcon_core.shell:Creating package script '/home/dev/dev_ws/src/install/my_package/share/my_package/package.ps1'
[2.242s] INFO:colcon.colcon_core.shell:Creating package descriptor '/home/dev/dev_ws/src/install/my_package/share/my_package/package.dsv'
[2.242s] INFO:colcon.colcon_core.shell:Creating package script '/home/dev/dev_ws/src/install/my_package/share/my_package/package.sh'
[2.242s] INFO:colcon.colcon_core.shell:Creating package script '/home/dev/dev_ws/src/install/my_package/share/my_package/package.bash'
[2.243s] INFO:colcon.colcon_core.shell:Creating package script '/home/dev/dev_ws/src/install/my_package/share/my_package/package.zsh'
[2.243s] Level 1:colcon.colcon_core.environment:create_file_with_runtime_dependencies(/home/dev/dev_ws/src/install/my_package/share/colcon-core/packages/my_package)
[2.286s] Level 1:colcon.colcon_core.environment:create_environment_scripts_only(my_package)
[2.303s] Level 1:colcon.colcon_core.environment:checking '/home/dev/dev_ws/src/install/my_package' for CMake module files
[2.304s] Level 1:colcon.colcon_core.environment:checking '/home/dev/dev_ws/src/install/my_package' for CMake config files
[2.304s] Level 1:colcon.colcon_core.shell:create_environment_hook('my_package', 'cmake_prefix_path')
[2.320s] INFO:colcon.colcon_core.shell:Creating environment hook '/home/dev/dev_ws/src/install/my_package/share/my_package/hook/cmake_prefix_path.ps1'
[2.321s] INFO:colcon.colcon_core.shell:Creating environment descriptor '/home/dev/dev_ws/src/install/my_package/share/my_package/hook/cmake_prefix_path.dsv'
[2.321s] INFO:colcon.colcon_core.shell:Creating environment hook '/home/dev/dev_ws/src/install/my_package/share/my_package/hook/cmake_prefix_path.sh'
[2.322s] Level 1:colcon.colcon_core.environment:checking '/home/dev/dev_ws/src/install/my_package/bin'
[2.322s] Level 1:colcon.colcon_core.environment:checking '/home/dev/dev_ws/src/install/my_package/lib/pkgconfig/my_package.pc'
[2.322s] Level 1:colcon.colcon_core.environment:checking '/home/dev/dev_ws/src/install/my_package/lib/python3.10/site-packages'
[2.323s] Level 1:colcon.colcon_core.environment:checking '/home/dev/dev_ws/src/install/my_package/bin'
[2.339s] INFO:colcon.colcon_core.shell:Creating package script '/home/dev/dev_ws/src/install/my_package/share/my_package/package.ps1'
[2.339s] INFO:colcon.colcon_core.shell:Creating package descriptor '/home/dev/dev_ws/src/install/my_package/share/my_package/package.dsv'
[2.340s] INFO:colcon.colcon_core.shell:Creating package script '/home/dev/dev_ws/src/install/my_package/share/my_package/package.sh'
[2.340s] INFO:colcon.colcon_core.shell:Creating package script '/home/dev/dev_ws/src/install/my_package/share/my_package/package.bash'
[2.341s] INFO:colcon.colcon_core.shell:Creating package script '/home/dev/dev_ws/src/install/my_package/share/my_package/package.zsh'
[2.341s] Level 1:colcon.colcon_core.environment:create_file_with_runtime_dependencies(/home/dev/dev_ws/src/install/my_package/share/colcon-core/packages/my_package)
[2.342s] DEBUG:colcon.colcon_parallel_executor.executor.parallel:closing loop
[2.342s] DEBUG:colcon.colcon_parallel_executor.executor.parallel:loop closed
[2.342s] DEBUG:colcon.colcon_parallel_executor.executor.parallel:run_until_complete finished with '0'
[2.342s] DEBUG:colcon.colcon_core.event_reactor:joining thread
[2.366s] INFO:colcon.colcon_core.plugin_system:Skipping extension 'colcon_notification.desktop_notification.terminal_notifier': Not used on non-Darwin systems
[2.367s] INFO:colcon.colcon_core.plugin_system:Skipping extension 'colcon_notification.desktop_notification.win32': Not used on non-Windows systems
[2.367s] INFO:colcon.colcon_notification.desktop_notification:Sending desktop notification using 'notify2'
[2.376s] DEBUG:colcon.colcon_core.event_reactor:joined thread
[2.395s] INFO:colcon.colcon_core.shell:Creating prefix script '/home/dev/dev_ws/src/install/local_setup.ps1'
[2.396s] INFO:colcon.colcon_core.shell:Creating prefix util module '/home/dev/dev_ws/src/install/_local_setup_util_ps1.py'
[2.397s] INFO:colcon.colcon_core.shell:Creating prefix chain script '/home/dev/dev_ws/src/install/setup.ps1'
[2.414s] INFO:colcon.colcon_core.shell:Creating prefix script '/home/dev/dev_ws/src/install/local_setup.sh'
[2.415s] INFO:colcon.colcon_core.shell:Creating prefix util module '/home/dev/dev_ws/src/install/_local_setup_util_sh.py'
[2.415s] INFO:colcon.colcon_core.shell:Creating prefix chain script '/home/dev/dev_ws/src/install/setup.sh'
[2.432s] INFO:colcon.colcon_core.shell:Creating prefix script '/home/dev/dev_ws/src/install/local_setup.bash'
[2.433s] INFO:colcon.colcon_core.shell:Creating prefix chain script '/home/dev/dev_ws/src/install/setup.bash'
[2.449s] INFO:colcon.colcon_core.shell:Creating prefix script '/home/dev/dev_ws/src/install/local_setup.zsh'
[2.450s] INFO:colcon.colcon_core.shell:Creating prefix chain script '/home/dev/dev_ws/src/install/setup.zsh'
