[0.183s] Invoking command in '/home/dev/dev_ws/src/build/articubot_one': CMAKE_PREFIX_PATH=${CMAKE_PREFIX_PATH}:/opt/ros/humble /usr/bin/cmake /home/dev/dev_ws/src/articubot_one -DAMENT_CMAKE_SYMLINK_INSTALL=1 -DCMAKE_INSTALL_PREFIX=/home/dev/dev_ws/src/install/articubot_one
[0.241s] -- The C compiler identification is GNU 11.4.0
[0.299s] -- The CXX compiler identification is GNU 11.4.0
[0.306s] -- Detecting C compiler ABI info
[0.375s] -- Detecting C compiler ABI info - done
[0.384s] -- Check for working C compiler: /usr/bin/cc - skipped
[0.384s] -- Detecting C compile features
[0.385s] -- Detecting C compile features - done
[0.388s] -- Detecting CXX compiler ABI info
[0.469s] -- Detecting CXX compiler ABI info - done
[0.477s] -- Check for working CXX compiler: /usr/bin/c++ - skipped
[0.478s] -- Detecting CXX compile features
[0.478s] -- Detecting CXX compile features - done
[0.480s] -- Found ament_cmake: 1.3.7 (/opt/ros/humble/share/ament_cmake/cmake)
[0.659s] -- Found Python3: /usr/bin/python3.10 (found version "3.10.12") found components: Interpreter 
[0.727s] -- Override CMake install command with custom implementation using symlinks instead of copying resources
[0.754s] -- Found ament_lint_auto: 0.12.10 (/opt/ros/humble/share/ament_lint_auto/cmake)
[0.838s] -- Added test 'copyright' to check source files copyright and LICENSE
[0.847s] -- Added test 'flake8' to check Python code syntax and style conventions
[0.849s] -- Added test 'lint_cmake' to check CMake code style
[0.851s] -- Added test 'pep257' to check Python code against some of the docstring style conventions in PEP 257
[0.854s] -- Added test 'xmllint' to check XML markup files
[0.856s] -- Configuring done
[0.859s] -- Generating done
[0.860s] -- Build files have been written to: /home/dev/dev_ws/src/build/articubot_one
[0.865s] Invoked command in '/home/dev/dev_ws/src/build/articubot_one' returned '0': CMAKE_PREFIX_PATH=${CMAKE_PREFIX_PATH}:/opt/ros/humble /usr/bin/cmake /home/dev/dev_ws/src/articubot_one -DAMENT_CMAKE_SYMLINK_INSTALL=1 -DCMAKE_INSTALL_PREFIX=/home/dev/dev_ws/src/install/articubot_one
[0.867s] Invoking command in '/home/dev/dev_ws/src/build/articubot_one': CMAKE_PREFIX_PATH=${CMAKE_PREFIX_PATH}:/opt/ros/humble /usr/bin/cmake --build /home/dev/dev_ws/src/build/articubot_one -- -j8 -l8
[0.905s] Invoked command in '/home/dev/dev_ws/src/build/articubot_one' returned '0': CMAKE_PREFIX_PATH=${CMAKE_PREFIX_PATH}:/opt/ros/humble /usr/bin/cmake --build /home/dev/dev_ws/src/build/articubot_one -- -j8 -l8
[0.929s] Invoking command in '/home/dev/dev_ws/src/build/articubot_one': CMAKE_PREFIX_PATH=${CMAKE_PREFIX_PATH}:/opt/ros/humble /usr/bin/cmake --install /home/dev/dev_ws/src/build/articubot_one
[0.937s] -- Install configuration: ""
[0.938s] -- Execute custom install script
[0.938s] -- Symlinking: /home/dev/dev_ws/src/install/articubot_one/share/articubot_one/config/ball_tracker_params_robot.yaml
[0.947s] -- Symlinking: /home/dev/dev_ws/src/install/articubot_one/share/articubot_one/config/ball_tracker_params_sim.yaml
[0.955s] -- Symlinking: /home/dev/dev_ws/src/install/articubot_one/share/articubot_one/config/drive_bot.rviz
[0.963s] -- Symlinking: /home/dev/dev_ws/src/install/articubot_one/share/articubot_one/config/empty.yaml
[0.972s] -- Symlinking: /home/dev/dev_ws/src/install/articubot_one/share/articubot_one/config/gaz_ros2_ctl_use_sim.yaml
[0.980s] -- Symlinking: /home/dev/dev_ws/src/install/articubot_one/share/articubot_one/config/gazebo_params.yaml
[0.989s] -- Symlinking: /home/dev/dev_ws/src/install/articubot_one/share/articubot_one/config/joystick.yaml
[0.999s] -- Symlinking: /home/dev/dev_ws/src/install/articubot_one/share/articubot_one/config/main.rviz
[1.007s] -- Symlinking: /home/dev/dev_ws/src/install/articubot_one/share/articubot_one/config/map.rviz
[1.015s] -- Symlinking: /home/dev/dev_ws/src/install/articubot_one/share/articubot_one/config/mapper_params_online_async.yaml
[1.024s] -- Symlinking: /home/dev/dev_ws/src/install/articubot_one/share/articubot_one/config/my_controllers.yaml
[1.034s] -- Symlinking: /home/dev/dev_ws/src/install/articubot_one/share/articubot_one/config/nav2_params.yaml
[1.043s] -- Symlinking: /home/dev/dev_ws/src/install/articubot_one/share/articubot_one/config/twist_mux.yaml
[1.052s] -- Symlinking: /home/dev/dev_ws/src/install/articubot_one/share/articubot_one/config/view_bot.rviz
[1.060s] -- Symlinking: /home/dev/dev_ws/src/install/articubot_one/share/articubot_one/description/camera.xacro
[1.069s] -- Symlinking: /home/dev/dev_ws/src/install/articubot_one/share/articubot_one/description/depth_camera.xacro
[1.078s] -- Symlinking: /home/dev/dev_ws/src/install/articubot_one/share/articubot_one/description/face.xacro
[1.087s] -- Symlinking: /home/dev/dev_ws/src/install/articubot_one/share/articubot_one/description/gazebo_control.xacro
[1.096s] -- Symlinking: /home/dev/dev_ws/src/install/articubot_one/share/articubot_one/description/inertial_macros.xacro
[1.105s] -- Symlinking: /home/dev/dev_ws/src/install/articubot_one/share/articubot_one/description/lidar.xacro
[1.114s] -- Symlinking: /home/dev/dev_ws/src/install/articubot_one/share/articubot_one/description/robot.urdf.xacro
[1.122s] -- Symlinking: /home/dev/dev_ws/src/install/articubot_one/share/articubot_one/description/robot_core.xacro
[1.131s] -- Symlinking: /home/dev/dev_ws/src/install/articubot_one/share/articubot_one/description/ros2_control.xacro
[1.141s] -- Symlinking: /home/dev/dev_ws/src/install/articubot_one/share/articubot_one/launch/ball_tracker.launch.py
[1.150s] -- Symlinking: /home/dev/dev_ws/src/install/articubot_one/share/articubot_one/launch/camera.launch.py
[1.159s] -- Symlinking: /home/dev/dev_ws/src/install/articubot_one/share/articubot_one/launch/joystick.launch.py
[1.167s] -- Symlinking: /home/dev/dev_ws/src/install/articubot_one/share/articubot_one/launch/launch_robot.launch.py
[1.176s] -- Symlinking: /home/dev/dev_ws/src/install/articubot_one/share/articubot_one/launch/launch_sim.launch.py
[1.185s] -- Symlinking: /home/dev/dev_ws/src/install/articubot_one/share/articubot_one/launch/localization_launch.py
[1.193s] -- Symlinking: /home/dev/dev_ws/src/install/articubot_one/share/articubot_one/launch/navigation_launch.py
[1.202s] -- Symlinking: /home/dev/dev_ws/src/install/articubot_one/share/articubot_one/launch/online_async_launch.py
[1.212s] -- Symlinking: /home/dev/dev_ws/src/install/articubot_one/share/articubot_one/launch/rplidar.launch.py
[1.221s] -- Symlinking: /home/dev/dev_ws/src/install/articubot_one/share/articubot_one/launch/rsp.launch.py
[1.231s] -- Symlinking: /home/dev/dev_ws/src/install/articubot_one/share/articubot_one/worlds/empty.world
[1.240s] -- Symlinking: /home/dev/dev_ws/src/install/articubot_one/share/articubot_one/worlds/obstacles.world
[1.249s] -- Symlinking: /home/dev/dev_ws/src/install/articubot_one/share/ament_index/resource_index/package_run_dependencies/articubot_one
[1.258s] -- Symlinking: /home/dev/dev_ws/src/install/articubot_one/share/ament_index/resource_index/parent_prefix_path/articubot_one
[1.267s] -- Symlinking: /home/dev/dev_ws/src/install/articubot_one/share/articubot_one/environment/ament_prefix_path.sh
[1.277s] -- Symlinking: /home/dev/dev_ws/src/install/articubot_one/share/articubot_one/environment/ament_prefix_path.dsv
[1.285s] -- Symlinking: /home/dev/dev_ws/src/install/articubot_one/share/articubot_one/environment/path.sh
[1.294s] -- Symlinking: /home/dev/dev_ws/src/install/articubot_one/share/articubot_one/environment/path.dsv
[1.303s] -- Symlinking: /home/dev/dev_ws/src/install/articubot_one/share/articubot_one/local_setup.bash
[1.313s] -- Symlinking: /home/dev/dev_ws/src/install/articubot_one/share/articubot_one/local_setup.sh
[1.324s] -- Symlinking: /home/dev/dev_ws/src/install/articubot_one/share/articubot_one/local_setup.zsh
[1.335s] -- Symlinking: /home/dev/dev_ws/src/install/articubot_one/share/articubot_one/local_setup.dsv
[1.344s] -- Symlinking: /home/dev/dev_ws/src/install/articubot_one/share/articubot_one/package.dsv
[1.353s] -- Symlinking: /home/dev/dev_ws/src/install/articubot_one/share/ament_index/resource_index/packages/articubot_one
[1.362s] -- Symlinking: /home/dev/dev_ws/src/install/articubot_one/share/articubot_one/cmake/articubot_oneConfig.cmake
[1.371s] -- Symlinking: /home/dev/dev_ws/src/install/articubot_one/share/articubot_one/cmake/articubot_oneConfig-version.cmake
[1.381s] -- Symlinking: /home/dev/dev_ws/src/install/articubot_one/share/articubot_one/package.xml
