[0.101s] Invoking command in '/home/dev/dev_ws/src/build/my_package': CMAKE_PREFIX_PATH=${CMAKE_PREFIX_PATH}:/opt/ros/humble /usr/bin/cmake --build /home/dev/dev_ws/src/build/my_package -- -j8 -l8
[0.123s] -- Found ament_cmake: 1.3.7 (/opt/ros/humble/share/ament_cmake/cmake)
[0.274s] -- Override CMake install command with custom implementation using symlinks instead of copying resources
[0.284s] -- Found ament_lint_auto: 0.12.10 (/opt/ros/humble/share/ament_lint_auto/cmake)
[0.365s] -- Added test 'flake8' to check Python code syntax and style conventions
[0.367s] -- Added test 'lint_cmake' to check CMake code style
[0.369s] -- Added test 'pep257' to check Python code against some of the docstring style conventions in PEP 257
[0.370s] -- Added test 'xmllint' to check XML markup files
[0.370s] -- Configuring done
[0.374s] -- Generating done
[0.375s] -- Build files have been written to: /home/dev/dev_ws/src/build/my_package
[0.399s] Invoked command in '/home/dev/dev_ws/src/build/my_package' returned '0': CMAKE_PREFIX_PATH=${CMAKE_PREFIX_PATH}:/opt/ros/humble /usr/bin/cmake --build /home/dev/dev_ws/src/build/my_package -- -j8 -l8
[0.429s] Invoking command in '/home/dev/dev_ws/src/build/my_package': CMAKE_PREFIX_PATH=${CMAKE_PREFIX_PATH}:/opt/ros/humble /usr/bin/cmake --install /home/dev/dev_ws/src/build/my_package
[0.437s] -- Install configuration: ""
[0.438s] -- Execute custom install script
[0.438s] -- Symlinking: /home/dev/dev_ws/src/install/my_package/share/ament_index/resource_index/package_run_dependencies/my_package
[0.447s] -- Symlinking: /home/dev/dev_ws/src/install/my_package/share/ament_index/resource_index/parent_prefix_path/my_package
[0.456s] -- Symlinking: /home/dev/dev_ws/src/install/my_package/share/my_package/environment/ament_prefix_path.sh
[0.466s] -- Symlinking: /home/dev/dev_ws/src/install/my_package/share/my_package/environment/ament_prefix_path.dsv
[0.474s] -- Symlinking: /home/dev/dev_ws/src/install/my_package/share/my_package/environment/path.sh
[0.482s] -- Symlinking: /home/dev/dev_ws/src/install/my_package/share/my_package/environment/path.dsv
[0.492s] -- Symlinking: /home/dev/dev_ws/src/install/my_package/share/my_package/local_setup.bash
[0.501s] -- Symlinking: /home/dev/dev_ws/src/install/my_package/share/my_package/local_setup.sh
[0.509s] -- Symlinking: /home/dev/dev_ws/src/install/my_package/share/my_package/local_setup.zsh
[0.519s] -- Symlinking: /home/dev/dev_ws/src/install/my_package/share/my_package/local_setup.dsv
[0.528s] -- Symlinking: /home/dev/dev_ws/src/install/my_package/share/my_package/package.dsv
[0.538s] -- Symlinking: /home/dev/dev_ws/src/install/my_package/share/ament_index/resource_index/packages/my_package
[0.547s] -- Symlinking: /home/dev/dev_ws/src/install/my_package/share/my_package/cmake/my_packageConfig.cmake
[0.556s] -- Symlinking: /home/dev/dev_ws/src/install/my_package/share/my_package/cmake/my_packageConfig-version.cmake
[0.565s] -- Symlinking: /home/dev/dev_ws/src/install/my_package/share/my_package/package.xml
[0.576s] Invoked command in '/home/dev/dev_ws/src/build/my_package' returned '0': CMAKE_PREFIX_PATH=${CMAKE_PREFIX_PATH}:/opt/ros/humble /usr/bin/cmake --install /home/dev/dev_ws/src/build/my_package
